Build profile: -w ghc-9.14.1 -O1
In order, the following will be built (use -v for more details):
 - azimuth-0.1.0 (lib) (file src/Azimuth/Telemetry.hs changed)
 - azimuth-0.1.0 (test:azimuth-test) (dependency rebuilt)
Preprocessing library for azimuth-0.1.0...
Building library for azimuth-0.1.0...
[1 of 2] Compiling Azimuth.Telemetry ( src/Azimuth/Telemetry.hs, dist-newstyle/build/x86_64-linux/ghc-9.14.1/azimuth-0.1.0/build/Azimuth/Telemetry.o, dist-newstyle/build/x86_64-linux/ghc-9.14.1/azimuth-0.1.0/build/Azimuth/Telemetry.dyn_o ) [Source file changed]
src/Azimuth/Telemetry.hs:165:10: error: [GHC-59692]
    Duplicate instance declarations:
      instance Show Metric -- Defined at src/Azimuth/Telemetry.hs:165:10
      instance Show Metric -- Defined at src/Azimuth/Telemetry.hs:188:10
    |
165 | instance Show Metric where
    |          ^^^^^^^^^^^

src/Azimuth/Telemetry.hs:169:10: error: [GHC-59692]
    Duplicate instance declarations:
      instance Eq Metric -- Defined at src/Azimuth/Telemetry.hs:169:10
      instance Eq Metric -- Defined at src/Azimuth/Telemetry.hs:192:10
    |
169 | instance Eq Metric where
    |          ^^^^^^^^^

Error: [Cabal-7125]
Failed to build azimuth-0.1.0 (which is required by test:azimuth-test from azimuth-0.1.0).

