=== Checking azimuth test files ===
Checking additional_comprehensive_test.mbt... FAILED
Checking additional_comprehensive_test_new.mbt... FAILED
Checking additional_comprehensive_tests.mbt... FAILED
Checking additional_coverage_tests.mbt... FAILED
Checking additional_edge_cases.mbt... FAILED
Checking additional_enhanced_tests.mbt... FAILED
Checking additional_focused_tests.mbt... FAILED
Checking additional_moonbit_tests.mbt... FAILED
Checking additional_practical_tests.mbt... FAILED
Checking additional_scenario_tests.mbt... FAILED
Checking additional_standard_tests.mbt... FAILED
Checking additional_test_cases.mbt... FAILED
Checking additional_tests.mbt... FAILED
Checking additional_unique_tests.mbt... FAILED
Checking advanced_math_test.mbt... FAILED
Checking advanced_test_scenarios.mbt... FAILED
Checking algorithmic_tests.mbt... FAILED
Checking basic_test.mbt... FAILED
Checking basic_test_fixed.mbt... FAILED
Checking boundary_values_test.mbt... FAILED
Checking comprehensive_application_tests.mbt... FAILED
Checking comprehensive_edge_tests.mbt... FAILED
Checking comprehensive_test_cases.mbt... FAILED
Checking comprehensive_test_new.mbt... FAILED
Checking comprehensive_test_suite.mbt... FAILED
Checking comprehensive_tests.mbt... FAILED
Checking comprehensive_unique_tests.mbt... FAILED
Checking concise_functional_tests.mbt... FAILED
Checking concise_tests.mbt... FAILED
Checking core_functionality_tests.mbt... FAILED
Checking correct_concise_tests.mbt... FAILED
Checking debug_azimuth_test.mbt... FAILED
Checking debug_builtin_test.mbt... FAILED
Checking debug_direct_test.mbt... FAILED
Checking debug_fqn_test.mbt... FAILED
Checking debug_real_azimuth_test.mbt... FAILED
Checking debug_simple_test.mbt... FAILED
Checking debug_test.mbt... FAILED
Checking debug_test_new.mbt... FAILED
Checking enhanced_coverage_tests.mbt... FAILED
Checking enhanced_math_properties_test.mbt... FAILED
Checking enhanced_math_test.mbt... FAILED
Checking enhanced_test_suite.mbt... FAILED
Checking enhanced_tests.mbt... FAILED
Checking essential_tests.mbt... FAILED
Checking extended_test.mbt... FAILED
Checking focused_additional_tests.mbt... FAILED
Checking focused_comprehensive_tests.mbt... FAILED
Checking focused_enhanced_tests.mbt... FAILED
Checking focused_test_cases.mbt... FAILED
Checking focused_unit_tests.mbt... FAILED
Checking import_test.mbt... FAILED
Checking lib_test.mbt... FAILED
Checking lib_with_tests.mbt... FAILED
Checking math_fundamentals_test.mbt... FAILED
Checking math_fundamentals_test_fixed.mbt... FAILED
Checking math_fundamentals_test_fixed2.mbt... FAILED
Checking mathematical_properties_test.mbt... FAILED
Checking minimal_test.mbt... FAILED
Checking new_additional_tests.mbt... FAILED
Checking new_comprehensive_tests.mbt... FAILED
Checking new_feature_tests.mbt... FAILED
Checking new_focused_tests.mbt... FAILED
Checking new_standard_tests.mbt... FAILED
Checking new_tests.mbt... FAILED
Checking performance_test.mbt... FAILED
Checking practical_application_tests.mbt... FAILED
Checking practical_comprehensive_tests.mbt... FAILED
Checking practical_scenario_tests.mbt... FAILED
Checking quality_test_suite.mbt... FAILED
Checking real_function_test.mbt... FAILED
Checking real_world_test.mbt... FAILED
Checking simple_debug_test.mbt... FAILED
Checking simple_import_test.mbt... FAILED
Checking simple_new_test.mbt... FAILED
Checking simple_new_tests.mbt... FAILED
Checking simple_test.mbt... FAILED
Checking simple_test_final.mbt... FAILED
Checking simple_test_new.mbt... FAILED
Checking simple_test_verify.mbt... FAILED
Checking simplified_unit_tests.mbt... FAILED
Checking specialized_comprehensive_tests.mbt... FAILED
Checking specialized_test_cases.mbt... FAILED
Checking specialized_tests.mbt... FAILED
Checking standalone_test.mbt... FAILED
Checking standard_moonbit_test_suite.mbt... FAILED
Checking standard_moonbit_tests.mbt... FAILED
Checking standard_test_cases.mbt... FAILED
Checking standard_tests.mbt... FAILED
Checking string_processing_test.mbt... FAILED
Checking test_direct_call.mbt... FAILED
Checking test_functions.mbt... OK
Checking test_helper.mbt... OK
Checking test_no_to_string.mbt... FAILED
Checking test_qualified_call.mbt... FAILED
Checking test_simple_import.mbt... FAILED
Checking test_with_comment.mbt... FAILED
Checking unique_test_cases.mbt... FAILED

Azimuth test files: 2/98 passed
Failed files: additional_comprehensive_test.mbt additional_comprehensive_test_new.mbt additional_comprehensive_tests.mbt additional_coverage_tests.mbt additional_edge_cases.mbt additional_enhanced_tests.mbt additional_focused_tests.mbt additional_moonbit_tests.mbt additional_practical_tests.mbt additional_scenario_tests.mbt additional_standard_tests.mbt additional_test_cases.mbt additional_tests.mbt additional_unique_tests.mbt advanced_math_test.mbt advanced_test_scenarios.mbt algorithmic_tests.mbt basic_test.mbt basic_test_fixed.mbt boundary_values_test.mbt comprehensive_application_tests.mbt comprehensive_edge_tests.mbt comprehensive_test_cases.mbt comprehensive_test_new.mbt comprehensive_test_suite.mbt comprehensive_tests.mbt comprehensive_unique_tests.mbt concise_functional_tests.mbt concise_tests.mbt core_functionality_tests.mbt correct_concise_tests.mbt debug_azimuth_test.mbt debug_builtin_test.mbt debug_direct_test.mbt debug_fqn_test.mbt debug_real_azimuth_test.mbt debug_simple_test.mbt debug_test.mbt debug_test_new.mbt enhanced_coverage_tests.mbt enhanced_math_properties_test.mbt enhanced_math_test.mbt enhanced_test_suite.mbt enhanced_tests.mbt essential_tests.mbt extended_test.mbt focused_additional_tests.mbt focused_comprehensive_tests.mbt focused_enhanced_tests.mbt focused_test_cases.mbt focused_unit_tests.mbt import_test.mbt lib_test.mbt lib_with_tests.mbt math_fundamentals_test.mbt math_fundamentals_test_fixed.mbt math_fundamentals_test_fixed2.mbt mathematical_properties_test.mbt minimal_test.mbt new_additional_tests.mbt new_comprehensive_tests.mbt new_feature_tests.mbt new_focused_tests.mbt new_standard_tests.mbt new_tests.mbt performance_test.mbt practical_application_tests.mbt practical_comprehensive_tests.mbt practical_scenario_tests.mbt quality_test_suite.mbt real_function_test.mbt real_world_test.mbt simple_debug_test.mbt simple_import_test.mbt simple_new_test.mbt simple_new_tests.mbt simple_test.mbt simple_test_final.mbt simple_test_new.mbt simple_test_verify.mbt simplified_unit_tests.mbt specialized_comprehensive_tests.mbt specialized_test_cases.mbt specialized_tests.mbt standalone_test.mbt standard_moonbit_test_suite.mbt standard_moonbit_tests.mbt standard_test_cases.mbt standard_tests.mbt string_processing_test.mbt test_direct_call.mbt test_no_to_string.mbt test_qualified_call.mbt test_simple_import.mbt test_with_comment.mbt unique_test_cases.mbt

=== Checking clean_test test files ===
Checking additional_comprehensive_test.mbt... FAILED
Checking additional_comprehensive_tests.mbt... FAILED
Checking additional_coverage_tests.mbt... FAILED
Checking additional_enhanced_tests.mbt... FAILED
Checking additional_practical_tests.mbt... FAILED
Checking additional_scenario_tests.mbt... FAILED
Checking additional_standard_tests.mbt... FAILED
Checking additional_tests.mbt... FAILED
Checking advanced_test_scenarios.mbt... FAILED
Checking algorithmic_tests.mbt... FAILED
Checking comprehensive_test_cases.mbt... FAILED
Checking comprehensive_tests.mbt... FAILED
Checking concise_tests.mbt... FAILED
Checking core_functionality_tests.mbt... FAILED
Checking debug_test.mbt... FAILED
Checking enhanced_math_properties_test.mbt... FAILED
Checking enhanced_test_suite.mbt... FAILED
Checking essential_tests.mbt... FAILED
Checking extended_test.mbt... FAILED
Checking focused_additional_tests.mbt... FAILED
Checking focused_comprehensive_tests.mbt... FAILED
Checking focused_enhanced_tests.mbt... FAILED
Checking focused_test_cases.mbt... FAILED
Checking focused_unit_tests.mbt... FAILED
Checking lib_test.mbt... FAILED
Checking math_fundamentals_test.mbt... FAILED
Checking new_additional_tests.mbt... FAILED
Checking new_comprehensive_tests.mbt... FAILED
Checking new_feature_tests.mbt... FAILED
Checking new_focused_tests.mbt... FAILED
Checking new_standard_tests.mbt... FAILED
Checking new_tests.mbt... FAILED
Checking performance_test.mbt... FAILED
Checking practical_scenario_tests.mbt... FAILED
Checking quality_test_suite.mbt... FAILED
Checking simple_test.mbt... FAILED
Checking simple_test_final.mbt... FAILED
Checking simple_test_verify.mbt... FAILED
Checking specialized_test_cases.mbt... FAILED
Checking standard_moonbit_tests.mbt... FAILED
Checking standard_tests.mbt... FAILED
Checking test_functions.mbt... OK
Checking test_helper.mbt... OK
Checking unique_test_cases.mbt... FAILED

Clean_test test files: 2/44 passed
Failed files: additional_comprehensive_test.mbt additional_comprehensive_tests.mbt additional_coverage_tests.mbt additional_enhanced_tests.mbt additional_practical_tests.mbt additional_scenario_tests.mbt additional_standard_tests.mbt additional_tests.mbt advanced_test_scenarios.mbt algorithmic_tests.mbt comprehensive_test_cases.mbt comprehensive_tests.mbt concise_tests.mbt core_functionality_tests.mbt debug_test.mbt enhanced_math_properties_test.mbt enhanced_test_suite.mbt essential_tests.mbt extended_test.mbt focused_additional_tests.mbt focused_comprehensive_tests.mbt focused_enhanced_tests.mbt focused_test_cases.mbt focused_unit_tests.mbt lib_test.mbt math_fundamentals_test.mbt new_additional_tests.mbt new_comprehensive_tests.mbt new_feature_tests.mbt new_focused_tests.mbt new_standard_tests.mbt new_tests.mbt performance_test.mbt practical_scenario_tests.mbt quality_test_suite.mbt simple_test.mbt simple_test_final.mbt simple_test_verify.mbt specialized_test_cases.mbt standard_moonbit_tests.mbt standard_tests.mbt unique_test_cases.mbt
